{"/home/ant_shur/backend-project-6/knexfile.js": {"path":"/home/ant_shur/backend-project-6/knexfile.js","statementMap":{"0":{"start":{"line":6,"column":18},"end":{"line":6,"column":62}},"1":{"start":{"line":8,"column":19},"end":{"line":10,"column":1}},"2":{"start":{"line":12,"column":27},"end":{"line":19,"column":1}},"3":{"start":{"line":21,"column":20},"end":{"line":27,"column":1}},"4":{"start":{"line":29,"column":26},"end":{"line":36,"column":1}}},"fnMap":{},"branchMap":{},"s":{"0":5,"1":5,"2":5,"3":5,"4":5},"f":{},"b":{},"_coverageSchema":"1a1c01bbd47fc00a2c39e90264f33305004495a9","hash":"d331d1e7ed1b7766c5036b8f260d932025441ba9"}
,"/home/ant_shur/backend-project-6/__fixtures__/testData.js": {"path":"/home/ant_shur/backend-project-6/__fixtures__/testData.js","statementMap":{"0":{"start":{"line":4,"column":19},"end":{"line":9,"column":2}},"1":{"start":{"line":4,"column":26},"end":{"line":9,"column":1}},"2":{"start":{"line":10,"column":21},"end":{"line":12,"column":2}},"3":{"start":{"line":10,"column":28},"end":{"line":12,"column":1}},"4":{"start":{"line":13,"column":19},"end":{"line":22,"column":2}},"5":{"start":{"line":13,"column":45},"end":{"line":22,"column":1}},"6":{"start":{"line":23,"column":20},"end":{"line":25,"column":2}},"7":{"start":{"line":23,"column":27},"end":{"line":25,"column":1}}},"fnMap":{"0":{"name":"(anonymous_0)","decl":{"start":{"line":4,"column":19},"end":{"line":4,"column":20}},"loc":{"start":{"line":4,"column":26},"end":{"line":9,"column":1}},"line":4},"1":{"name":"(anonymous_1)","decl":{"start":{"line":10,"column":21},"end":{"line":10,"column":22}},"loc":{"start":{"line":10,"column":28},"end":{"line":12,"column":1}},"line":10},"2":{"name":"(anonymous_2)","decl":{"start":{"line":13,"column":19},"end":{"line":13,"column":20}},"loc":{"start":{"line":13,"column":45},"end":{"line":22,"column":1}},"line":13},"3":{"name":"(anonymous_3)","decl":{"start":{"line":23,"column":20},"end":{"line":23,"column":21}},"loc":{"start":{"line":23,"column":27},"end":{"line":25,"column":1}},"line":23}},"branchMap":{},"s":{"0":3,"1":3,"2":3,"3":3,"4":3,"5":0,"6":3,"7":0},"f":{"0":3,"1":3,"2":0,"3":0},"b":{},"_coverageSchema":"1a1c01bbd47fc00a2c39e90264f33305004495a9","hash":"3e4103b1a30e5a0b13194bd2ad987477348a348a"}
,"/home/ant_shur/backend-project-6/server/plugin.js": {"path":"/home/ant_shur/backend-project-6/server/plugin.js","statementMap":{"0":{"start":{"line":29,"column":18},"end":{"line":29,"column":62}},"1":{"start":{"line":31,"column":13},"end":{"line":31,"column":50}},"2":{"start":{"line":34,"column":19},"end":{"line":51,"column":1}},"3":{"start":{"line":35,"column":18},"end":{"line":35,"column":33}},"4":{"start":{"line":36,"column":2},"end":{"line":46,"column":5}},"5":{"start":{"line":43,"column":31},"end":{"line":43,"column":52}},"6":{"start":{"line":48,"column":2},"end":{"line":50,"column":5}},"7":{"start":{"line":49,"column":4},"end":{"line":49,"column":52}},"8":{"start":{"line":53,"column":26},"end":{"line":59,"column":1}},"9":{"start":{"line":54,"column":21},"end":{"line":54,"column":55}},"10":{"start":{"line":55,"column":2},"end":{"line":58,"column":5}},"11":{"start":{"line":61,"column":26},"end":{"line":72,"column":1}},"12":{"start":{"line":62,"column":2},"end":{"line":71,"column":7}},"13":{"start":{"line":74,"column":17},"end":{"line":80,"column":1}},"14":{"start":{"line":75,"column":2},"end":{"line":79,"column":5}},"15":{"start":{"line":76,"column":4},"end":{"line":78,"column":6}},"16":{"start":{"line":77,"column":29},"end":{"line":77,"column":50}},"17":{"start":{"line":82,"column":24},"end":{"line":116,"column":1}},"18":{"start":{"line":83,"column":2},"end":{"line":83,"column":38}},"19":{"start":{"line":85,"column":2},"end":{"line":85,"column":43}},"20":{"start":{"line":86,"column":2},"end":{"line":86,"column":60}},"21":{"start":{"line":87,"column":2},"end":{"line":92,"column":5}},"22":{"start":{"line":94,"column":2},"end":{"line":96,"column":4}},"23":{"start":{"line":95,"column":14},"end":{"line":95,"column":65}},"24":{"start":{"line":97,"column":2},"end":{"line":97,"column":74}},"25":{"start":{"line":97,"column":51},"end":{"line":97,"column":72}},"26":{"start":{"line":98,"column":2},"end":{"line":98,"column":53}},"27":{"start":{"line":99,"column":2},"end":{"line":99,"column":51}},"28":{"start":{"line":100,"column":2},"end":{"line":100,"column":54}},"29":{"start":{"line":101,"column":2},"end":{"line":101,"column":44}},"30":{"start":{"line":102,"column":2},"end":{"line":109,"column":14}},"31":{"start":{"line":102,"column":44},"end":{"line":109,"column":12}},"32":{"start":{"line":111,"column":2},"end":{"line":111,"column":44}},"33":{"start":{"line":112,"column":2},"end":{"line":115,"column":5}},"34":{"start":{"line":118,"column":23},"end":{"line":120,"column":1}},"35":{"start":{"line":124,"column":2},"end":{"line":124,"column":29}},"36":{"start":{"line":126,"column":2},"end":{"line":126,"column":28}},"37":{"start":{"line":127,"column":2},"end":{"line":127,"column":18}},"38":{"start":{"line":128,"column":2},"end":{"line":128,"column":25}},"39":{"start":{"line":129,"column":2},"end":{"line":129,"column":17}},"40":{"start":{"line":130,"column":2},"end":{"line":130,"column":16}},"41":{"start":{"line":132,"column":2},"end":{"line":132,"column":13}}},"fnMap":{"0":{"name":"(anonymous_0)","decl":{"start":{"line":34,"column":19},"end":{"line":34,"column":20}},"loc":{"start":{"line":34,"column":28},"end":{"line":51,"column":1}},"line":34},"1":{"name":"(anonymous_1)","decl":{"start":{"line":43,"column":17},"end":{"line":43,"column":18}},"loc":{"start":{"line":43,"column":31},"end":{"line":43,"column":52}},"line":43},"2":{"name":"render","decl":{"start":{"line":48,"column":39},"end":{"line":48,"column":45}},"loc":{"start":{"line":48,"column":64},"end":{"line":50,"column":3}},"line":48},"3":{"name":"(anonymous_3)","decl":{"start":{"line":53,"column":26},"end":{"line":53,"column":27}},"loc":{"start":{"line":53,"column":35},"end":{"line":59,"column":1}},"line":53},"4":{"name":"(anonymous_4)","decl":{"start":{"line":61,"column":26},"end":{"line":61,"column":27}},"loc":{"start":{"line":61,"column":38},"end":{"line":72,"column":1}},"line":61},"5":{"name":"(anonymous_5)","decl":{"start":{"line":74,"column":17},"end":{"line":74,"column":18}},"loc":{"start":{"line":74,"column":26},"end":{"line":80,"column":1}},"line":74},"6":{"name":"(anonymous_6)","decl":{"start":{"line":75,"column":28},"end":{"line":75,"column":29}},"loc":{"start":{"line":75,"column":50},"end":{"line":79,"column":3}},"line":75},"7":{"name":"(anonymous_7)","decl":{"start":{"line":77,"column":23},"end":{"line":77,"column":24}},"loc":{"start":{"line":77,"column":29},"end":{"line":77,"column":50}},"line":77},"8":{"name":"(anonymous_8)","decl":{"start":{"line":82,"column":24},"end":{"line":82,"column":25}},"loc":{"start":{"line":82,"column":39},"end":{"line":116,"column":1}},"line":82},"9":{"name":"(anonymous_9)","decl":{"start":{"line":95,"column":4},"end":{"line":95,"column":5}},"loc":{"start":{"line":95,"column":14},"end":{"line":95,"column":65}},"line":95},"10":{"name":"(anonymous_10)","decl":{"start":{"line":97,"column":41},"end":{"line":97,"column":42}},"loc":{"start":{"line":97,"column":51},"end":{"line":97,"column":72}},"line":97},"11":{"name":"(anonymous_11)","decl":{"start":{"line":102,"column":31},"end":{"line":102,"column":32}},"loc":{"start":{"line":102,"column":44},"end":{"line":109,"column":12}},"line":102},"12":{"name":"(anonymous_12)","decl":{"start":{"line":123,"column":15},"end":{"line":123,"column":16}},"loc":{"start":{"line":123,"column":40},"end":{"line":133,"column":1}},"line":123}},"branchMap":{"0":{"loc":{"start":{"line":31,"column":13},"end":{"line":31,"column":50}},"type":"binary-expr","locations":[{"start":{"line":31,"column":13},"end":{"line":31,"column":33}},{"start":{"line":31,"column":37},"end":{"line":31,"column":50}}],"line":31}},"s":{"0":5,"1":5,"2":5,"3":5,"4":5,"5":14,"6":5,"7":7,"8":5,"9":5,"10":5,"11":5,"12":5,"13":5,"14":5,"15":20,"16":7,"17":5,"18":5,"19":5,"20":5,"21":5,"22":5,"23":9,"24":5,"25":5,"26":5,"27":5,"28":5,"29":5,"30":5,"31":7,"32":5,"33":5,"34":5,"35":5,"36":5,"37":5,"38":5,"39":5,"40":5,"41":5},"f":{"0":5,"1":14,"2":7,"3":5,"4":5,"5":5,"6":20,"7":7,"8":5,"9":9,"10":5,"11":7,"12":5},"b":{"0":[5,0]},"_coverageSchema":"1a1c01bbd47fc00a2c39e90264f33305004495a9","hash":"f057bb1b3022764100d5c175d780c95577e545ba"}
,"/home/ant_shur/backend-project-6/server/helpers/index.js": {"path":"/home/ant_shur/backend-project-6/server/helpers/index.js","statementMap":{"0":{"start":{"line":6,"column":25},"end":{"line":32,"column":1}},"1":{"start":{"line":8,"column":4},"end":{"line":8,"column":29}},"2":{"start":{"line":11,"column":4},"end":{"line":11,"column":26}},"3":{"start":{"line":15,"column":4},"end":{"line":26,"column":5}},"4":{"start":{"line":19,"column":8},"end":{"line":19,"column":24}},"5":{"start":{"line":21,"column":8},"end":{"line":21,"column":25}},"6":{"start":{"line":23,"column":8},"end":{"line":23,"column":22}},"7":{"start":{"line":25,"column":8},"end":{"line":25,"column":57}},"8":{"start":{"line":29,"column":17},"end":{"line":29,"column":30}},"9":{"start":{"line":30,"column":4},"end":{"line":30,"column":33}}},"fnMap":{"0":{"name":"(anonymous_0)","decl":{"start":{"line":6,"column":15},"end":{"line":6,"column":16}},"loc":{"start":{"line":6,"column":25},"end":{"line":32,"column":1}},"line":6},"1":{"name":"(anonymous_1)","decl":{"start":{"line":7,"column":2},"end":{"line":7,"column":3}},"loc":{"start":{"line":7,"column":14},"end":{"line":9,"column":3}},"line":7},"2":{"name":"(anonymous_2)","decl":{"start":{"line":10,"column":2},"end":{"line":10,"column":3}},"loc":{"start":{"line":10,"column":9},"end":{"line":12,"column":3}},"line":10},"3":{"name":"(anonymous_3)","decl":{"start":{"line":14,"column":2},"end":{"line":14,"column":3}},"loc":{"start":{"line":14,"column":22},"end":{"line":27,"column":3}},"line":14},"4":{"name":"(anonymous_4)","decl":{"start":{"line":28,"column":2},"end":{"line":28,"column":3}},"loc":{"start":{"line":28,"column":18},"end":{"line":31,"column":3}},"line":28}},"branchMap":{"0":{"loc":{"start":{"line":15,"column":4},"end":{"line":26,"column":5}},"type":"switch","locations":[{"start":{"line":18,"column":6},"end":{"line":19,"column":24}},{"start":{"line":20,"column":6},"end":{"line":21,"column":25}},{"start":{"line":22,"column":6},"end":{"line":23,"column":22}},{"start":{"line":24,"column":6},"end":{"line":25,"column":57}}],"line":15}},"s":{"0":5,"1":39,"2":76,"3":3,"4":1,"5":2,"6":0,"7":0,"8":3,"9":3},"f":{"0":5,"1":39,"2":76,"3":3,"4":3},"b":{"0":[1,2,0,0]},"_coverageSchema":"1a1c01bbd47fc00a2c39e90264f33305004495a9","hash":"373e94bccb3428829163d1541cb42f658cbdc784"}
,"/home/ant_shur/backend-project-6/server/lib/secure.cjs": {"path":"/home/ant_shur/backend-project-6/server/lib/secure.cjs","statementMap":{"0":{"start":{"line":3,"column":15},"end":{"line":3,"column":32}},"1":{"start":{"line":8,"column":0},"end":{"line":10,"column":17}},"2":{"start":{"line":8,"column":28},"end":{"line":10,"column":16}}},"fnMap":{"0":{"name":"(anonymous_0)","decl":{"start":{"line":8,"column":17},"end":{"line":8,"column":18}},"loc":{"start":{"line":8,"column":28},"end":{"line":10,"column":16}},"line":8}},"branchMap":{},"s":{"0":5,"1":5,"2":11},"f":{"0":11},"b":{},"inputSourceMap":null,"_coverageSchema":"1a1c01bbd47fc00a2c39e90264f33305004495a9","hash":"228daebc9c421f5fd26d0f6a03d1d9d1ddb54084"}
,"/home/ant_shur/backend-project-6/server/lib/passportStrategies/FormStrategy.js": {"path":"/home/ant_shur/backend-project-6/server/lib/passportStrategies/FormStrategy.js","statementMap":{"0":{"start":{"line":8,"column":4},"end":{"line":8,"column":16}},"1":{"start":{"line":9,"column":4},"end":{"line":9,"column":19}},"2":{"start":{"line":13,"column":4},"end":{"line":15,"column":5}},"3":{"start":{"line":14,"column":6},"end":{"line":14,"column":25}},"4":{"start":{"line":17,"column":18},"end":{"line":17,"column":57}},"5":{"start":{"line":18,"column":21},"end":{"line":18,"column":63}},"6":{"start":{"line":19,"column":23},"end":{"line":19,"column":41}},"7":{"start":{"line":20,"column":17},"end":{"line":20,"column":61}},"8":{"start":{"line":21,"column":4},"end":{"line":23,"column":5}},"9":{"start":{"line":22,"column":6},"end":{"line":22,"column":32}},"10":{"start":{"line":25,"column":4},"end":{"line":25,"column":23}}},"fnMap":{"0":{"name":"(anonymous_0)","decl":{"start":{"line":7,"column":2},"end":{"line":7,"column":3}},"loc":{"start":{"line":7,"column":25},"end":{"line":10,"column":3}},"line":7},"1":{"name":"(anonymous_1)","decl":{"start":{"line":12,"column":2},"end":{"line":12,"column":3}},"loc":{"start":{"line":12,"column":30},"end":{"line":26,"column":3}},"line":12}},"branchMap":{"0":{"loc":{"start":{"line":13,"column":4},"end":{"line":15,"column":5}},"type":"if","locations":[{"start":{"line":13,"column":4},"end":{"line":15,"column":5}},{"start":{},"end":{}}],"line":13},"1":{"loc":{"start":{"line":21,"column":4},"end":{"line":23,"column":5}},"type":"if","locations":[{"start":{"line":21,"column":4},"end":{"line":23,"column":5}},{"start":{},"end":{}}],"line":21},"2":{"loc":{"start":{"line":21,"column":8},"end":{"line":21,"column":45}},"type":"binary-expr","locations":[{"start":{"line":21,"column":8},"end":{"line":21,"column":12}},{"start":{"line":21,"column":16},"end":{"line":21,"column":45}}],"line":21}},"s":{"0":5,"1":5,"2":11,"3":6,"4":5,"5":5,"6":5,"7":5,"8":5,"9":5,"10":0},"f":{"0":5,"1":11},"b":{"0":[6,5],"1":[5,0],"2":[5,5]},"_coverageSchema":"1a1c01bbd47fc00a2c39e90264f33305004495a9","hash":"d684573120c88eaf432e295c90ce89be20a04190"}
,"/home/ant_shur/backend-project-6/server/locales/en.js": {"path":"/home/ant_shur/backend-project-6/server/locales/en.js","statementMap":{},"fnMap":{},"branchMap":{},"s":{},"f":{},"b":{},"_coverageSchema":"1a1c01bbd47fc00a2c39e90264f33305004495a9","hash":"994c09d5a91172fa8a2347351db9b8cc94837073"}
,"/home/ant_shur/backend-project-6/server/locales/ru.js": {"path":"/home/ant_shur/backend-project-6/server/locales/ru.js","statementMap":{},"fnMap":{},"branchMap":{},"s":{},"f":{},"b":{},"_coverageSchema":"1a1c01bbd47fc00a2c39e90264f33305004495a9","hash":"a78cea87fa93227a886cacefcca915463063b25d"}
,"/home/ant_shur/backend-project-6/server/migrations/20200716171734_create_users_table.js": {"path":"/home/ant_shur/backend-project-6/server/migrations/20200716171734_create_users_table.js","statementMap":{"0":{"start":{"line":3,"column":18},"end":{"line":12,"column":4}},"1":{"start":{"line":4,"column":2},"end":{"line":12,"column":4}},"2":{"start":{"line":5,"column":4},"end":{"line":5,"column":37}},"3":{"start":{"line":6,"column":4},"end":{"line":6,"column":31}},"4":{"start":{"line":7,"column":4},"end":{"line":7,"column":30}},"5":{"start":{"line":8,"column":4},"end":{"line":8,"column":26}},"6":{"start":{"line":9,"column":4},"end":{"line":9,"column":36}},"7":{"start":{"line":10,"column":4},"end":{"line":10,"column":59}},"8":{"start":{"line":11,"column":4},"end":{"line":11,"column":59}},"9":{"start":{"line":14,"column":20},"end":{"line":14,"column":60}},"10":{"start":{"line":14,"column":30},"end":{"line":14,"column":60}}},"fnMap":{"0":{"name":"(anonymous_0)","decl":{"start":{"line":3,"column":18},"end":{"line":3,"column":19}},"loc":{"start":{"line":4,"column":2},"end":{"line":12,"column":4}},"line":4},"1":{"name":"(anonymous_1)","decl":{"start":{"line":4,"column":35},"end":{"line":4,"column":36}},"loc":{"start":{"line":4,"column":46},"end":{"line":12,"column":3}},"line":4},"2":{"name":"(anonymous_2)","decl":{"start":{"line":14,"column":20},"end":{"line":14,"column":21}},"loc":{"start":{"line":14,"column":30},"end":{"line":14,"column":60}},"line":14}},"branchMap":{},"s":{"0":4,"1":4,"2":4,"3":4,"4":4,"5":4,"6":4,"7":4,"8":4,"9":4,"10":0},"f":{"0":4,"1":4,"2":0},"b":{},"_coverageSchema":"1a1c01bbd47fc00a2c39e90264f33305004495a9","hash":"f7edee7333b9be923a3ba3f681a7dc285a461f75"}
,"/home/ant_shur/backend-project-6/server/migrations/20200716171736_create_statuses_table.js": {"path":"/home/ant_shur/backend-project-6/server/migrations/20200716171736_create_statuses_table.js","statementMap":{"0":{"start":{"line":3,"column":18},"end":{"line":7,"column":4}},"1":{"start":{"line":4,"column":2},"end":{"line":7,"column":4}},"2":{"start":{"line":5,"column":4},"end":{"line":5,"column":37}},"3":{"start":{"line":6,"column":4},"end":{"line":6,"column":25}},"4":{"start":{"line":9,"column":20},"end":{"line":9,"column":63}},"5":{"start":{"line":9,"column":30},"end":{"line":9,"column":63}}},"fnMap":{"0":{"name":"(anonymous_0)","decl":{"start":{"line":3,"column":18},"end":{"line":3,"column":19}},"loc":{"start":{"line":4,"column":2},"end":{"line":7,"column":4}},"line":4},"1":{"name":"(anonymous_1)","decl":{"start":{"line":4,"column":38},"end":{"line":4,"column":39}},"loc":{"start":{"line":4,"column":49},"end":{"line":7,"column":3}},"line":4},"2":{"name":"(anonymous_2)","decl":{"start":{"line":9,"column":20},"end":{"line":9,"column":21}},"loc":{"start":{"line":9,"column":30},"end":{"line":9,"column":63}},"line":9}},"branchMap":{},"s":{"0":4,"1":4,"2":4,"3":4,"4":4,"5":0},"f":{"0":4,"1":4,"2":0},"b":{},"_coverageSchema":"1a1c01bbd47fc00a2c39e90264f33305004495a9","hash":"91c793683f0c465275939cc868a2464d5ac47f95"}
,"/home/ant_shur/backend-project-6/server/migrations/create_label_table.js": {"path":"/home/ant_shur/backend-project-6/server/migrations/create_label_table.js","statementMap":{"0":{"start":{"line":3,"column":18},"end":{"line":7,"column":4}},"1":{"start":{"line":4,"column":2},"end":{"line":7,"column":4}},"2":{"start":{"line":5,"column":4},"end":{"line":5,"column":37}},"3":{"start":{"line":6,"column":4},"end":{"line":6,"column":25}},"4":{"start":{"line":9,"column":20},"end":{"line":9,"column":61}},"5":{"start":{"line":9,"column":30},"end":{"line":9,"column":61}}},"fnMap":{"0":{"name":"(anonymous_0)","decl":{"start":{"line":3,"column":18},"end":{"line":3,"column":19}},"loc":{"start":{"line":4,"column":2},"end":{"line":7,"column":4}},"line":4},"1":{"name":"(anonymous_1)","decl":{"start":{"line":4,"column":36},"end":{"line":4,"column":37}},"loc":{"start":{"line":4,"column":47},"end":{"line":7,"column":3}},"line":4},"2":{"name":"(anonymous_2)","decl":{"start":{"line":9,"column":20},"end":{"line":9,"column":21}},"loc":{"start":{"line":9,"column":30},"end":{"line":9,"column":61}},"line":9}},"branchMap":{},"s":{"0":4,"1":4,"2":4,"3":4,"4":4,"5":0},"f":{"0":4,"1":4,"2":0},"b":{},"_coverageSchema":"1a1c01bbd47fc00a2c39e90264f33305004495a9","hash":"c0433f70a4ff47e2c11988fca5119ec5f0934ebe"}
,"/home/ant_shur/backend-project-6/server/migrations/create_task_table.js": {"path":"/home/ant_shur/backend-project-6/server/migrations/create_task_table.js","statementMap":{"0":{"start":{"line":3,"column":18},"end":{"line":14,"column":4}},"1":{"start":{"line":4,"column":2},"end":{"line":14,"column":4}},"2":{"start":{"line":5,"column":4},"end":{"line":5,"column":37}},"3":{"start":{"line":6,"column":4},"end":{"line":6,"column":25}},"4":{"start":{"line":7,"column":4},"end":{"line":7,"column":33}},"5":{"start":{"line":8,"column":4},"end":{"line":8,"column":33}},"6":{"start":{"line":9,"column":4},"end":{"line":9,"column":32}},"7":{"start":{"line":10,"column":4},"end":{"line":10,"column":31}},"8":{"start":{"line":11,"column":4},"end":{"line":11,"column":68}},"9":{"start":{"line":12,"column":4},"end":{"line":12,"column":68}},"10":{"start":{"line":13,"column":4},"end":{"line":13,"column":69}},"11":{"start":{"line":16,"column":20},"end":{"line":16,"column":60}},"12":{"start":{"line":16,"column":30},"end":{"line":16,"column":60}}},"fnMap":{"0":{"name":"(anonymous_0)","decl":{"start":{"line":3,"column":18},"end":{"line":3,"column":19}},"loc":{"start":{"line":4,"column":2},"end":{"line":14,"column":4}},"line":4},"1":{"name":"(anonymous_1)","decl":{"start":{"line":4,"column":35},"end":{"line":4,"column":36}},"loc":{"start":{"line":4,"column":46},"end":{"line":14,"column":3}},"line":4},"2":{"name":"(anonymous_2)","decl":{"start":{"line":16,"column":20},"end":{"line":16,"column":21}},"loc":{"start":{"line":16,"column":30},"end":{"line":16,"column":60}},"line":16}},"branchMap":{},"s":{"0":4,"1":4,"2":4,"3":4,"4":4,"5":4,"6":4,"7":4,"8":4,"9":4,"10":4,"11":4,"12":0},"f":{"0":4,"1":4,"2":0},"b":{},"_coverageSchema":"1a1c01bbd47fc00a2c39e90264f33305004495a9","hash":"419ada0f86c99099a96d98d7dd67497106a27a86"}
,"/home/ant_shur/backend-project-6/server/migrations/task_label.js": {"path":"/home/ant_shur/backend-project-6/server/migrations/task_label.js","statementMap":{"0":{"start":{"line":3,"column":18},"end":{"line":8,"column":4}},"1":{"start":{"line":4,"column":2},"end":{"line":8,"column":4}},"2":{"start":{"line":5,"column":4},"end":{"line":5,"column":37}},"3":{"start":{"line":6,"column":4},"end":{"line":6,"column":52}},"4":{"start":{"line":7,"column":4},"end":{"line":7,"column":54}},"5":{"start":{"line":10,"column":20},"end":{"line":10,"column":67}},"6":{"start":{"line":10,"column":30},"end":{"line":10,"column":67}}},"fnMap":{"0":{"name":"(anonymous_0)","decl":{"start":{"line":3,"column":18},"end":{"line":3,"column":19}},"loc":{"start":{"line":4,"column":2},"end":{"line":8,"column":4}},"line":4},"1":{"name":"(anonymous_1)","decl":{"start":{"line":4,"column":42},"end":{"line":4,"column":43}},"loc":{"start":{"line":4,"column":53},"end":{"line":8,"column":3}},"line":4},"2":{"name":"(anonymous_2)","decl":{"start":{"line":10,"column":20},"end":{"line":10,"column":21}},"loc":{"start":{"line":10,"column":30},"end":{"line":10,"column":67}},"line":10}},"branchMap":{},"s":{"0":4,"1":4,"2":4,"3":4,"4":4,"5":4,"6":0},"f":{"0":4,"1":4,"2":0},"b":{},"_coverageSchema":"1a1c01bbd47fc00a2c39e90264f33305004495a9","hash":"0849d643369b80960f8cb7eca224fd3b2469c5f0"}
,"/home/ant_shur/backend-project-6/server/models/BaseModel.cjs": {"path":"/home/ant_shur/backend-project-6/server/models/BaseModel.cjs","statementMap":{"0":{"start":{"line":3,"column":18},"end":{"line":3,"column":38}},"1":{"start":{"line":5,"column":0},"end":{"line":9,"column":2}},"2":{"start":{"line":7,"column":4},"end":{"line":7,"column":23}}},"fnMap":{"0":{"name":"(anonymous_0)","decl":{"start":{"line":6,"column":2},"end":{"line":6,"column":3}},"loc":{"start":{"line":6,"column":26},"end":{"line":8,"column":3}},"line":6}},"branchMap":{},"s":{"0":5,"1":5,"2":1},"f":{"0":1},"b":{},"inputSourceMap":null,"_coverageSchema":"1a1c01bbd47fc00a2c39e90264f33305004495a9","hash":"17e78c47bf20c4bae70999dca36c1bfeab95ea8a"}
,"/home/ant_shur/backend-project-6/server/models/Label.cjs": {"path":"/home/ant_shur/backend-project-6/server/models/Label.cjs","statementMap":{"0":{"start":{"line":1,"column":13},"end":{"line":1,"column":28}},"1":{"start":{"line":2,"column":18},"end":{"line":2,"column":44}},"2":{"start":{"line":4,"column":0},"end":{"line":34,"column":2}},"3":{"start":{"line":6,"column":4},"end":{"line":6,"column":20}},"4":{"start":{"line":9,"column":28},"end":{"line":22,"column":3}},"5":{"start":{"line":25,"column":4},"end":{"line":32,"column":6}}},"fnMap":{"0":{"name":"(anonymous_0)","decl":{"start":{"line":5,"column":2},"end":{"line":5,"column":3}},"loc":{"start":{"line":5,"column":25},"end":{"line":7,"column":3}},"line":5},"1":{"name":"(anonymous_1)","decl":{"start":{"line":24,"column":2},"end":{"line":24,"column":3}},"loc":{"start":{"line":24,"column":26},"end":{"line":33,"column":3}},"line":24}},"branchMap":{},"s":{"0":5,"1":5,"2":5,"3":5,"4":5,"5":0},"f":{"0":5,"1":0},"b":{},"inputSourceMap":null,"_coverageSchema":"1a1c01bbd47fc00a2c39e90264f33305004495a9","hash":"55e4f5096d133ca100b0dbb61b49d7142435c25b"}
,"/home/ant_shur/backend-project-6/server/models/Status.cjs": {"path":"/home/ant_shur/backend-project-6/server/models/Status.cjs","statementMap":{"0":{"start":{"line":1,"column":13},"end":{"line":1,"column":28}},"1":{"start":{"line":2,"column":18},"end":{"line":2,"column":44}},"2":{"start":{"line":4,"column":0},"end":{"line":30,"column":2}},"3":{"start":{"line":6,"column":4},"end":{"line":6,"column":22}},"4":{"start":{"line":9,"column":28},"end":{"line":18,"column":3}},"5":{"start":{"line":21,"column":4},"end":{"line":28,"column":6}}},"fnMap":{"0":{"name":"(anonymous_0)","decl":{"start":{"line":5,"column":2},"end":{"line":5,"column":3}},"loc":{"start":{"line":5,"column":25},"end":{"line":7,"column":3}},"line":5},"1":{"name":"(anonymous_1)","decl":{"start":{"line":20,"column":2},"end":{"line":20,"column":3}},"loc":{"start":{"line":20,"column":26},"end":{"line":29,"column":3}},"line":20}},"branchMap":{},"s":{"0":5,"1":5,"2":5,"3":63,"4":5,"5":1},"f":{"0":63,"1":1},"b":{},"inputSourceMap":null,"_coverageSchema":"1a1c01bbd47fc00a2c39e90264f33305004495a9","hash":"bdb6dfcdc0089d27a3a557c867d7b436a16dd03b"}
,"/home/ant_shur/backend-project-6/server/models/Task.cjs": {"path":"/home/ant_shur/backend-project-6/server/models/Task.cjs","statementMap":{"0":{"start":{"line":1,"column":13},"end":{"line":1,"column":28}},"1":{"start":{"line":2,"column":18},"end":{"line":2,"column":44}},"2":{"start":{"line":4,"column":0},"end":{"line":63,"column":2}},"3":{"start":{"line":6,"column":4},"end":{"line":6,"column":19}},"4":{"start":{"line":9,"column":28},"end":{"line":47,"column":3}},"5":{"start":{"line":50,"column":4},"end":{"line":61,"column":6}}},"fnMap":{"0":{"name":"(anonymous_0)","decl":{"start":{"line":5,"column":2},"end":{"line":5,"column":3}},"loc":{"start":{"line":5,"column":25},"end":{"line":7,"column":3}},"line":5},"1":{"name":"(anonymous_1)","decl":{"start":{"line":49,"column":2},"end":{"line":49,"column":3}},"loc":{"start":{"line":49,"column":26},"end":{"line":62,"column":3}},"line":49}},"branchMap":{},"s":{"0":5,"1":5,"2":5,"3":23,"4":5,"5":2},"f":{"0":23,"1":2},"b":{},"inputSourceMap":null,"_coverageSchema":"1a1c01bbd47fc00a2c39e90264f33305004495a9","hash":"6a0749b9163898f577957f8cb92d58915872084d"}
,"/home/ant_shur/backend-project-6/server/models/User.cjs": {"path":"/home/ant_shur/backend-project-6/server/models/User.cjs","statementMap":{"0":{"start":{"line":2,"column":13},"end":{"line":2,"column":28}},"1":{"start":{"line":3,"column":24},"end":{"line":3,"column":51}},"2":{"start":{"line":4,"column":18},"end":{"line":4,"column":44}},"3":{"start":{"line":5,"column":16},"end":{"line":5,"column":44}},"4":{"start":{"line":7,"column":15},"end":{"line":7,"column":53}},"5":{"start":{"line":9,"column":0},"end":{"line":48,"column":2}},"6":{"start":{"line":11,"column":4},"end":{"line":11,"column":19}},"7":{"start":{"line":14,"column":28},"end":{"line":23,"column":3}},"8":{"start":{"line":26,"column":4},"end":{"line":38,"column":6}},"9":{"start":{"line":42,"column":4},"end":{"line":42,"column":41}},"10":{"start":{"line":46,"column":4},"end":{"line":46,"column":53}}},"fnMap":{"0":{"name":"(anonymous_0)","decl":{"start":{"line":10,"column":2},"end":{"line":10,"column":3}},"loc":{"start":{"line":10,"column":25},"end":{"line":12,"column":3}},"line":10},"1":{"name":"(anonymous_1)","decl":{"start":{"line":25,"column":2},"end":{"line":25,"column":3}},"loc":{"start":{"line":25,"column":26},"end":{"line":39,"column":3}},"line":25},"2":{"name":"(anonymous_2)","decl":{"start":{"line":41,"column":2},"end":{"line":41,"column":3}},"loc":{"start":{"line":41,"column":22},"end":{"line":43,"column":3}},"line":41},"3":{"name":"(anonymous_3)","decl":{"start":{"line":45,"column":2},"end":{"line":45,"column":3}},"loc":{"start":{"line":45,"column":27},"end":{"line":47,"column":3}},"line":45}},"branchMap":{},"s":{"0":5,"1":5,"2":5,"3":5,"4":5,"5":5,"6":119,"7":5,"8":4,"9":5,"10":5},"f":{"0":119,"1":4,"2":5,"3":5},"b":{},"inputSourceMap":null,"_coverageSchema":"1a1c01bbd47fc00a2c39e90264f33305004495a9","hash":"9e8ce8638bc789620a601abcc653ce388ae7736b"}
,"/home/ant_shur/backend-project-6/server/models/index.js": {"path":"/home/ant_shur/backend-project-6/server/models/index.js","statementMap":{},"fnMap":{},"branchMap":{},"s":{},"f":{},"b":{},"_coverageSchema":"1a1c01bbd47fc00a2c39e90264f33305004495a9","hash":"37c28ca2d312bdd3925cf1b61bd56641847cd05e"}
,"/home/ant_shur/backend-project-6/server/routes/index.js": {"path":"/home/ant_shur/backend-project-6/server/routes/index.js","statementMap":{"0":{"start":{"line":10,"column":20},"end":{"line":10,"column":70}},"1":{"start":{"line":12,"column":24},"end":{"line":12,"column":58}},"2":{"start":{"line":12,"column":51},"end":{"line":12,"column":57}}},"fnMap":{"0":{"name":"(anonymous_0)","decl":{"start":{"line":12,"column":15},"end":{"line":12,"column":16}},"loc":{"start":{"line":12,"column":24},"end":{"line":12,"column":58}},"line":12},"1":{"name":"(anonymous_1)","decl":{"start":{"line":12,"column":44},"end":{"line":12,"column":45}},"loc":{"start":{"line":12,"column":51},"end":{"line":12,"column":57}},"line":12}},"branchMap":{},"s":{"0":5,"1":5,"2":30},"f":{"0":5,"1":30},"b":{},"_coverageSchema":"1a1c01bbd47fc00a2c39e90264f33305004495a9","hash":"821eddd9c32ce9734bd36bdcca180c1365699e9e"}
,"/home/ant_shur/backend-project-6/server/routes/labels.js": {"path":"/home/ant_shur/backend-project-6/server/routes/labels.js","statementMap":{"0":{"start":{"line":7,"column":2},"end":{"line":111,"column":6}},"1":{"start":{"line":12,"column":8},"end":{"line":17,"column":9}},"2":{"start":{"line":13,"column":25},"end":{"line":13,"column":66}},"3":{"start":{"line":14,"column":10},"end":{"line":14,"column":51}},"4":{"start":{"line":16,"column":10},"end":{"line":16,"column":34}},"5":{"start":{"line":18,"column":8},"end":{"line":18,"column":21}},"6":{"start":{"line":25,"column":22},"end":{"line":25,"column":55}},"7":{"start":{"line":26,"column":8},"end":{"line":30,"column":9}},"8":{"start":{"line":27,"column":10},"end":{"line":27,"column":48}},"9":{"start":{"line":29,"column":10},"end":{"line":29,"column":34}},"10":{"start":{"line":31,"column":8},"end":{"line":31,"column":21}},"11":{"start":{"line":38,"column":27},"end":{"line":38,"column":60}},"12":{"start":{"line":39,"column":8},"end":{"line":39,"column":39}},"13":{"start":{"line":40,"column":8},"end":{"line":40,"column":32}},"14":{"start":{"line":41,"column":8},"end":{"line":48,"column":9}},"15":{"start":{"line":42,"column":10},"end":{"line":42,"column":71}},"16":{"start":{"line":43,"column":10},"end":{"line":43,"column":70}},"17":{"start":{"line":44,"column":10},"end":{"line":44,"column":36}},"18":{"start":{"line":46,"column":10},"end":{"line":46,"column":68}},"19":{"start":{"line":47,"column":10},"end":{"line":47,"column":34}},"20":{"start":{"line":49,"column":8},"end":{"line":49,"column":21}},"21":{"start":{"line":56,"column":8},"end":{"line":63,"column":9}},"22":{"start":{"line":57,"column":24},"end":{"line":59,"column":36}},"23":{"start":{"line":60,"column":10},"end":{"line":60,"column":50}},"24":{"start":{"line":62,"column":10},"end":{"line":62,"column":34}},"25":{"start":{"line":64,"column":8},"end":{"line":64,"column":21}},"26":{"start":{"line":71,"column":27},"end":{"line":71,"column":60}},"27":{"start":{"line":72,"column":8},"end":{"line":72,"column":39}},"28":{"start":{"line":73,"column":22},"end":{"line":75,"column":34}},"29":{"start":{"line":76,"column":8},"end":{"line":83,"column":9}},"30":{"start":{"line":77,"column":10},"end":{"line":77,"column":49}},"31":{"start":{"line":78,"column":10},"end":{"line":78,"column":70}},"32":{"start":{"line":79,"column":10},"end":{"line":79,"column":36}},"33":{"start":{"line":81,"column":10},"end":{"line":81,"column":69}},"34":{"start":{"line":82,"column":10},"end":{"line":82,"column":34}},"35":{"start":{"line":84,"column":8},"end":{"line":84,"column":21}},"36":{"start":{"line":91,"column":22},"end":{"line":93,"column":34}},"37":{"start":{"line":94,"column":21},"end":{"line":94,"column":55}},"38":{"start":{"line":95,"column":31},"end":{"line":95,"column":46}},"39":{"start":{"line":96,"column":8},"end":{"line":100,"column":9}},"40":{"start":{"line":97,"column":10},"end":{"line":97,"column":69}},"41":{"start":{"line":98,"column":10},"end":{"line":98,"column":36}},"42":{"start":{"line":99,"column":10},"end":{"line":99,"column":23}},"43":{"start":{"line":101,"column":8},"end":{"line":108,"column":9}},"44":{"start":{"line":102,"column":10},"end":{"line":102,"column":78}},"45":{"start":{"line":103,"column":10},"end":{"line":103,"column":70}},"46":{"start":{"line":104,"column":10},"end":{"line":104,"column":36}},"47":{"start":{"line":106,"column":10},"end":{"line":106,"column":69}},"48":{"start":{"line":107,"column":10},"end":{"line":107,"column":34}},"49":{"start":{"line":109,"column":8},"end":{"line":109,"column":21}}},"fnMap":{"0":{"name":"(anonymous_0)","decl":{"start":{"line":6,"column":15},"end":{"line":6,"column":16}},"loc":{"start":{"line":6,"column":24},"end":{"line":112,"column":1}},"line":6},"1":{"name":"(anonymous_1)","decl":{"start":{"line":11,"column":6},"end":{"line":11,"column":7}},"loc":{"start":{"line":11,"column":28},"end":{"line":19,"column":7}},"line":11},"2":{"name":"(anonymous_2)","decl":{"start":{"line":24,"column":6},"end":{"line":24,"column":7}},"loc":{"start":{"line":24,"column":28},"end":{"line":32,"column":7}},"line":24},"3":{"name":"(anonymous_3)","decl":{"start":{"line":37,"column":6},"end":{"line":37,"column":7}},"loc":{"start":{"line":37,"column":28},"end":{"line":50,"column":7}},"line":37},"4":{"name":"(anonymous_4)","decl":{"start":{"line":55,"column":6},"end":{"line":55,"column":7}},"loc":{"start":{"line":55,"column":28},"end":{"line":65,"column":7}},"line":55},"5":{"name":"(anonymous_5)","decl":{"start":{"line":70,"column":6},"end":{"line":70,"column":7}},"loc":{"start":{"line":70,"column":28},"end":{"line":85,"column":7}},"line":70},"6":{"name":"(anonymous_6)","decl":{"start":{"line":90,"column":6},"end":{"line":90,"column":7}},"loc":{"start":{"line":90,"column":28},"end":{"line":110,"column":7}},"line":90}},"branchMap":{"0":{"loc":{"start":{"line":96,"column":8},"end":{"line":100,"column":9}},"type":"if","locations":[{"start":{"line":96,"column":8},"end":{"line":100,"column":9}},{"start":{},"end":{}}],"line":96}},"s":{"0":5,"1":0,"2":0,"3":0,"4":0,"5":0,"6":0,"7":0,"8":0,"9":0,"10":0,"11":0,"12":0,"13":0,"14":0,"15":0,"16":0,"17":0,"18":0,"19":0,"20":0,"21":0,"22":0,"23":0,"24":0,"25":0,"26":0,"27":0,"28":0,"29":0,"30":0,"31":0,"32":0,"33":0,"34":0,"35":0,"36":0,"37":0,"38":0,"39":0,"40":0,"41":0,"42":0,"43":0,"44":0,"45":0,"46":0,"47":0,"48":0,"49":0},"f":{"0":5,"1":0,"2":0,"3":0,"4":0,"5":0,"6":0},"b":{"0":[0,0]},"_coverageSchema":"1a1c01bbd47fc00a2c39e90264f33305004495a9","hash":"4292a6200e89a9a6da88dc976924d5caf3b9528a"}
,"/home/ant_shur/backend-project-6/server/routes/session.js": {"path":"/home/ant_shur/backend-project-6/server/routes/session.js","statementMap":{"0":{"start":{"line":6,"column":2},"end":{"line":32,"column":7}},"1":{"start":{"line":8,"column":25},"end":{"line":8,"column":27}},"2":{"start":{"line":9,"column":6},"end":{"line":9,"column":50}},"3":{"start":{"line":12,"column":6},"end":{"line":14,"column":7}},"4":{"start":{"line":13,"column":8},"end":{"line":13,"column":55}},"5":{"start":{"line":15,"column":6},"end":{"line":22,"column":7}},"6":{"start":{"line":16,"column":27},"end":{"line":16,"column":40}},"7":{"start":{"line":17,"column":23},"end":{"line":19,"column":9}},"8":{"start":{"line":20,"column":8},"end":{"line":20,"column":60}},"9":{"start":{"line":21,"column":8},"end":{"line":21,"column":21}},"10":{"start":{"line":23,"column":6},"end":{"line":23,"column":28}},"11":{"start":{"line":24,"column":6},"end":{"line":24,"column":70}},"12":{"start":{"line":25,"column":6},"end":{"line":25,"column":42}},"13":{"start":{"line":26,"column":6},"end":{"line":26,"column":19}},"14":{"start":{"line":29,"column":6},"end":{"line":29,"column":19}},"15":{"start":{"line":30,"column":6},"end":{"line":30,"column":67}},"16":{"start":{"line":31,"column":6},"end":{"line":31,"column":42}}},"fnMap":{"0":{"name":"(anonymous_0)","decl":{"start":{"line":5,"column":15},"end":{"line":5,"column":16}},"loc":{"start":{"line":5,"column":24},"end":{"line":33,"column":1}},"line":5},"1":{"name":"(anonymous_1)","decl":{"start":{"line":7,"column":49},"end":{"line":7,"column":50}},"loc":{"start":{"line":7,"column":65},"end":{"line":10,"column":5}},"line":7},"2":{"name":"(anonymous_2)","decl":{"start":{"line":11,"column":71},"end":{"line":11,"column":72}},"loc":{"start":{"line":11,"column":104},"end":{"line":27,"column":5}},"line":11},"3":{"name":"(anonymous_3)","decl":{"start":{"line":28,"column":24},"end":{"line":28,"column":25}},"loc":{"start":{"line":28,"column":40},"end":{"line":32,"column":5}},"line":28}},"branchMap":{"0":{"loc":{"start":{"line":12,"column":6},"end":{"line":14,"column":7}},"type":"if","locations":[{"start":{"line":12,"column":6},"end":{"line":14,"column":7}},{"start":{},"end":{}}],"line":12},"1":{"loc":{"start":{"line":15,"column":6},"end":{"line":22,"column":7}},"type":"if","locations":[{"start":{"line":15,"column":6},"end":{"line":22,"column":7}},{"start":{},"end":{}}],"line":15}},"s":{"0":5,"1":1,"2":1,"3":4,"4":0,"5":4,"6":0,"7":0,"8":0,"9":0,"10":4,"11":4,"12":4,"13":4,"14":1,"15":1,"16":1},"f":{"0":5,"1":1,"2":4,"3":1},"b":{"0":[0,4],"1":[0,4]},"_coverageSchema":"1a1c01bbd47fc00a2c39e90264f33305004495a9","hash":"1f3fbf33db3932525d036eb2fa4357b729076c11"}
,"/home/ant_shur/backend-project-6/server/routes/statuses.js": {"path":"/home/ant_shur/backend-project-6/server/routes/statuses.js","statementMap":{"0":{"start":{"line":7,"column":2},"end":{"line":112,"column":6}},"1":{"start":{"line":12,"column":8},"end":{"line":17,"column":9}},"2":{"start":{"line":13,"column":27},"end":{"line":13,"column":68}},"3":{"start":{"line":14,"column":10},"end":{"line":14,"column":55}},"4":{"start":{"line":16,"column":10},"end":{"line":16,"column":34}},"5":{"start":{"line":18,"column":8},"end":{"line":18,"column":21}},"6":{"start":{"line":25,"column":23},"end":{"line":25,"column":56}},"7":{"start":{"line":26,"column":8},"end":{"line":30,"column":9}},"8":{"start":{"line":27,"column":10},"end":{"line":27,"column":51}},"9":{"start":{"line":29,"column":10},"end":{"line":29,"column":34}},"10":{"start":{"line":31,"column":8},"end":{"line":31,"column":21}},"11":{"start":{"line":38,"column":26},"end":{"line":38,"column":59}},"12":{"start":{"line":39,"column":8},"end":{"line":39,"column":38}},"13":{"start":{"line":40,"column":8},"end":{"line":47,"column":9}},"14":{"start":{"line":41,"column":10},"end":{"line":41,"column":70}},"15":{"start":{"line":42,"column":10},"end":{"line":42,"column":72}},"16":{"start":{"line":43,"column":10},"end":{"line":43,"column":38}},"17":{"start":{"line":45,"column":10},"end":{"line":45,"column":71}},"18":{"start":{"line":46,"column":10},"end":{"line":46,"column":34}},"19":{"start":{"line":48,"column":8},"end":{"line":48,"column":21}},"20":{"start":{"line":55,"column":8},"end":{"line":62,"column":9}},"21":{"start":{"line":56,"column":25},"end":{"line":58,"column":36}},"22":{"start":{"line":59,"column":10},"end":{"line":59,"column":53}},"23":{"start":{"line":61,"column":10},"end":{"line":61,"column":34}},"24":{"start":{"line":63,"column":8},"end":{"line":63,"column":21}},"25":{"start":{"line":70,"column":28},"end":{"line":72,"column":9}},"26":{"start":{"line":73,"column":8},"end":{"line":73,"column":38}},"27":{"start":{"line":74,"column":23},"end":{"line":76,"column":34}},"28":{"start":{"line":77,"column":8},"end":{"line":84,"column":9}},"29":{"start":{"line":78,"column":10},"end":{"line":78,"column":51}},"30":{"start":{"line":79,"column":10},"end":{"line":79,"column":72}},"31":{"start":{"line":80,"column":10},"end":{"line":80,"column":38}},"32":{"start":{"line":82,"column":10},"end":{"line":82,"column":71}},"33":{"start":{"line":83,"column":10},"end":{"line":83,"column":34}},"34":{"start":{"line":85,"column":8},"end":{"line":85,"column":21}},"35":{"start":{"line":92,"column":23},"end":{"line":94,"column":34}},"36":{"start":{"line":95,"column":22},"end":{"line":95,"column":57}},"37":{"start":{"line":96,"column":32},"end":{"line":96,"column":48}},"38":{"start":{"line":97,"column":8},"end":{"line":101,"column":9}},"39":{"start":{"line":98,"column":10},"end":{"line":98,"column":71}},"40":{"start":{"line":99,"column":10},"end":{"line":99,"column":38}},"41":{"start":{"line":100,"column":10},"end":{"line":100,"column":23}},"42":{"start":{"line":102,"column":8},"end":{"line":109,"column":9}},"43":{"start":{"line":103,"column":10},"end":{"line":103,"column":78}},"44":{"start":{"line":104,"column":10},"end":{"line":104,"column":72}},"45":{"start":{"line":105,"column":10},"end":{"line":105,"column":38}},"46":{"start":{"line":107,"column":10},"end":{"line":107,"column":71}},"47":{"start":{"line":108,"column":10},"end":{"line":108,"column":34}},"48":{"start":{"line":110,"column":8},"end":{"line":110,"column":21}}},"fnMap":{"0":{"name":"(anonymous_0)","decl":{"start":{"line":6,"column":15},"end":{"line":6,"column":16}},"loc":{"start":{"line":6,"column":24},"end":{"line":113,"column":1}},"line":6},"1":{"name":"(anonymous_1)","decl":{"start":{"line":11,"column":6},"end":{"line":11,"column":7}},"loc":{"start":{"line":11,"column":28},"end":{"line":19,"column":7}},"line":11},"2":{"name":"(anonymous_2)","decl":{"start":{"line":24,"column":6},"end":{"line":24,"column":7}},"loc":{"start":{"line":24,"column":22},"end":{"line":32,"column":7}},"line":24},"3":{"name":"(anonymous_3)","decl":{"start":{"line":37,"column":6},"end":{"line":37,"column":7}},"loc":{"start":{"line":37,"column":28},"end":{"line":49,"column":7}},"line":37},"4":{"name":"(anonymous_4)","decl":{"start":{"line":54,"column":6},"end":{"line":54,"column":7}},"loc":{"start":{"line":54,"column":28},"end":{"line":64,"column":7}},"line":54},"5":{"name":"(anonymous_5)","decl":{"start":{"line":69,"column":6},"end":{"line":69,"column":7}},"loc":{"start":{"line":69,"column":28},"end":{"line":86,"column":7}},"line":69},"6":{"name":"(anonymous_6)","decl":{"start":{"line":91,"column":6},"end":{"line":91,"column":7}},"loc":{"start":{"line":91,"column":28},"end":{"line":111,"column":7}},"line":91}},"branchMap":{"0":{"loc":{"start":{"line":97,"column":8},"end":{"line":101,"column":9}},"type":"if","locations":[{"start":{"line":97,"column":8},"end":{"line":101,"column":9}},{"start":{},"end":{}}],"line":97}},"s":{"0":5,"1":1,"2":1,"3":1,"4":0,"5":1,"6":1,"7":1,"8":1,"9":0,"10":1,"11":1,"12":1,"13":1,"14":1,"15":1,"16":1,"17":0,"18":0,"19":1,"20":0,"21":0,"22":0,"23":0,"24":0,"25":1,"26":1,"27":1,"28":1,"29":1,"30":1,"31":1,"32":0,"33":0,"34":1,"35":1,"36":1,"37":1,"38":1,"39":0,"40":0,"41":0,"42":1,"43":1,"44":1,"45":1,"46":0,"47":0,"48":1},"f":{"0":5,"1":1,"2":1,"3":1,"4":0,"5":1,"6":1},"b":{"0":[0,1]},"_coverageSchema":"1a1c01bbd47fc00a2c39e90264f33305004495a9","hash":"23844df87c7a1185d3818ae51cda5b2b7e7c275b"}
,"/home/ant_shur/backend-project-6/server/routes/tasks.js": {"path":"/home/ant_shur/backend-project-6/server/routes/tasks.js","statementMap":{"0":{"start":{"line":9,"column":2},"end":{"line":151,"column":6}},"1":{"start":{"line":14,"column":8},"end":{"line":26,"column":9}},"2":{"start":{"line":15,"column":24},"end":{"line":15,"column":64}},"3":{"start":{"line":16,"column":24},"end":{"line":16,"column":63}},"4":{"start":{"line":17,"column":27},"end":{"line":17,"column":68}},"5":{"start":{"line":18,"column":10},"end":{"line":23,"column":13}},"6":{"start":{"line":25,"column":10},"end":{"line":25,"column":34}},"7":{"start":{"line":27,"column":8},"end":{"line":27,"column":21}},"8":{"start":{"line":34,"column":21},"end":{"line":34,"column":53}},"9":{"start":{"line":35,"column":22},"end":{"line":35,"column":61}},"10":{"start":{"line":36,"column":25},"end":{"line":36,"column":66}},"11":{"start":{"line":37,"column":23},"end":{"line":37,"column":64}},"12":{"start":{"line":38,"column":8},"end":{"line":47,"column":9}},"13":{"start":{"line":39,"column":10},"end":{"line":44,"column":13}},"14":{"start":{"line":46,"column":10},"end":{"line":46,"column":34}},"15":{"start":{"line":48,"column":8},"end":{"line":48,"column":21}},"16":{"start":{"line":52,"column":18},"end":{"line":52,"column":69}},"17":{"start":{"line":53,"column":24},"end":{"line":53,"column":56}},"18":{"start":{"line":54,"column":24},"end":{"line":54,"column":57}},"19":{"start":{"line":55,"column":23},"end":{"line":55,"column":51}},"20":{"start":{"line":56,"column":25},"end":{"line":56,"column":38}},"21":{"start":{"line":57,"column":6},"end":{"line":57,"column":32}},"22":{"start":{"line":59,"column":6},"end":{"line":73,"column":7}},"23":{"start":{"line":60,"column":8},"end":{"line":60,"column":70}},"24":{"start":{"line":61,"column":21},"end":{"line":63,"column":28}},"25":{"start":{"line":65,"column":8},"end":{"line":65,"column":46}},"26":{"start":{"line":66,"column":8},"end":{"line":66,"column":67}},"27":{"start":{"line":67,"column":8},"end":{"line":67,"column":33}},"28":{"start":{"line":68,"column":8},"end":{"line":68,"column":27}},"29":{"start":{"line":70,"column":8},"end":{"line":70,"column":29}},"30":{"start":{"line":71,"column":8},"end":{"line":71,"column":66}},"31":{"start":{"line":72,"column":8},"end":{"line":72,"column":54}},"32":{"start":{"line":74,"column":6},"end":{"line":74,"column":19}},"33":{"start":{"line":80,"column":8},"end":{"line":90,"column":9}},"34":{"start":{"line":81,"column":23},"end":{"line":83,"column":36}},"35":{"start":{"line":84,"column":24},"end":{"line":84,"column":63}},"36":{"start":{"line":85,"column":27},"end":{"line":85,"column":68}},"37":{"start":{"line":86,"column":25},"end":{"line":86,"column":66}},"38":{"start":{"line":87,"column":10},"end":{"line":87,"column":73}},"39":{"start":{"line":89,"column":10},"end":{"line":89,"column":34}},"40":{"start":{"line":91,"column":8},"end":{"line":91,"column":21}},"41":{"start":{"line":98,"column":20},"end":{"line":98,"column":71}},"42":{"start":{"line":99,"column":26},"end":{"line":99,"column":58}},"43":{"start":{"line":100,"column":26},"end":{"line":100,"column":59}},"44":{"start":{"line":101,"column":27},"end":{"line":101,"column":40}},"45":{"start":{"line":102,"column":8},"end":{"line":102,"column":34}},"46":{"start":{"line":103,"column":8},"end":{"line":117,"column":9}},"47":{"start":{"line":104,"column":23},"end":{"line":106,"column":36}},"48":{"start":{"line":107,"column":10},"end":{"line":107,"column":61}},"49":{"start":{"line":108,"column":10},"end":{"line":108,"column":50}},"50":{"start":{"line":109,"column":10},"end":{"line":109,"column":48}},"51":{"start":{"line":110,"column":10},"end":{"line":110,"column":69}},"52":{"start":{"line":111,"column":10},"end":{"line":111,"column":35}},"53":{"start":{"line":112,"column":10},"end":{"line":112,"column":29}},"54":{"start":{"line":114,"column":10},"end":{"line":114,"column":31}},"55":{"start":{"line":115,"column":10},"end":{"line":115,"column":68}},"56":{"start":{"line":116,"column":10},"end":{"line":116,"column":75}},"57":{"start":{"line":118,"column":8},"end":{"line":118,"column":21}},"58":{"start":{"line":125,"column":21},"end":{"line":127,"column":34}},"59":{"start":{"line":128,"column":30},"end":{"line":130,"column":34}},"60":{"start":{"line":132,"column":31},"end":{"line":132,"column":56}},"61":{"start":{"line":134,"column":8},"end":{"line":138,"column":9}},"62":{"start":{"line":135,"column":10},"end":{"line":135,"column":68}},"63":{"start":{"line":136,"column":10},"end":{"line":136,"column":35}},"64":{"start":{"line":137,"column":10},"end":{"line":137,"column":23}},"65":{"start":{"line":140,"column":8},"end":{"line":148,"column":9}},"66":{"start":{"line":141,"column":10},"end":{"line":141,"column":56}},"67":{"start":{"line":142,"column":10},"end":{"line":142,"column":77}},"68":{"start":{"line":143,"column":10},"end":{"line":143,"column":69}},"69":{"start":{"line":144,"column":10},"end":{"line":144,"column":35}},"70":{"start":{"line":146,"column":10},"end":{"line":146,"column":68}},"71":{"start":{"line":147,"column":10},"end":{"line":147,"column":34}},"72":{"start":{"line":149,"column":8},"end":{"line":149,"column":21}}},"fnMap":{"0":{"name":"(anonymous_0)","decl":{"start":{"line":8,"column":15},"end":{"line":8,"column":16}},"loc":{"start":{"line":8,"column":24},"end":{"line":152,"column":1}},"line":8},"1":{"name":"(anonymous_1)","decl":{"start":{"line":13,"column":6},"end":{"line":13,"column":7}},"loc":{"start":{"line":13,"column":28},"end":{"line":28,"column":7}},"line":13},"2":{"name":"(anonymous_2)","decl":{"start":{"line":33,"column":6},"end":{"line":33,"column":7}},"loc":{"start":{"line":33,"column":28},"end":{"line":49,"column":7}},"line":33},"3":{"name":"(anonymous_3)","decl":{"start":{"line":51,"column":57},"end":{"line":51,"column":58}},"loc":{"start":{"line":51,"column":79},"end":{"line":75,"column":5}},"line":51},"4":{"name":"(anonymous_4)","decl":{"start":{"line":79,"column":6},"end":{"line":79,"column":7}},"loc":{"start":{"line":79,"column":28},"end":{"line":92,"column":7}},"line":79},"5":{"name":"(anonymous_5)","decl":{"start":{"line":97,"column":6},"end":{"line":97,"column":7}},"loc":{"start":{"line":97,"column":28},"end":{"line":119,"column":7}},"line":97},"6":{"name":"(anonymous_6)","decl":{"start":{"line":124,"column":6},"end":{"line":124,"column":7}},"loc":{"start":{"line":124,"column":28},"end":{"line":150,"column":7}},"line":124}},"branchMap":{"0":{"loc":{"start":{"line":134,"column":8},"end":{"line":138,"column":9}},"type":"if","locations":[{"start":{"line":134,"column":8},"end":{"line":138,"column":9}},{"start":{},"end":{}}],"line":134}},"s":{"0":5,"1":1,"2":1,"3":1,"4":1,"5":1,"6":0,"7":1,"8":0,"9":0,"10":0,"11":0,"12":0,"13":0,"14":0,"15":0,"16":1,"17":1,"18":1,"19":1,"20":1,"21":1,"22":1,"23":1,"24":0,"25":0,"26":0,"27":0,"28":0,"29":1,"30":1,"31":1,"32":1,"33":0,"34":0,"35":0,"36":0,"37":0,"38":0,"39":0,"40":0,"41":0,"42":0,"43":0,"44":0,"45":0,"46":0,"47":0,"48":0,"49":0,"50":0,"51":0,"52":0,"53":0,"54":0,"55":0,"56":0,"57":0,"58":0,"59":0,"60":0,"61":0,"62":0,"63":0,"64":0,"65":0,"66":0,"67":0,"68":0,"69":0,"70":0,"71":0,"72":0},"f":{"0":5,"1":1,"2":0,"3":1,"4":0,"5":0,"6":0},"b":{"0":[0,0]},"_coverageSchema":"1a1c01bbd47fc00a2c39e90264f33305004495a9","hash":"14ff0d2e229cb15438ddffefbadd71dd2e16185d"}
,"/home/ant_shur/backend-project-6/server/routes/users.js": {"path":"/home/ant_shur/backend-project-6/server/routes/users.js","statementMap":{"0":{"start":{"line":6,"column":2},"end":{"line":89,"column":7}},"1":{"start":{"line":8,"column":20},"end":{"line":8,"column":59}},"2":{"start":{"line":9,"column":6},"end":{"line":9,"column":45}},"3":{"start":{"line":10,"column":6},"end":{"line":10,"column":19}},"4":{"start":{"line":13,"column":19},"end":{"line":13,"column":50}},"5":{"start":{"line":14,"column":6},"end":{"line":14,"column":42}},"6":{"start":{"line":17,"column":19},"end":{"line":17,"column":50}},"7":{"start":{"line":18,"column":6},"end":{"line":18,"column":31}},"8":{"start":{"line":20,"column":6},"end":{"line":30,"column":7}},"9":{"start":{"line":21,"column":26},"end":{"line":23,"column":9}},"10":{"start":{"line":24,"column":8},"end":{"line":24,"column":66}},"11":{"start":{"line":25,"column":8},"end":{"line":25,"column":67}},"12":{"start":{"line":26,"column":8},"end":{"line":26,"column":44}},"13":{"start":{"line":28,"column":8},"end":{"line":28,"column":66}},"14":{"start":{"line":29,"column":8},"end":{"line":29,"column":58}},"15":{"start":{"line":32,"column":6},"end":{"line":32,"column":19}},"16":{"start":{"line":35,"column":19},"end":{"line":37,"column":32}},"17":{"start":{"line":38,"column":6},"end":{"line":38,"column":43}},"18":{"start":{"line":39,"column":6},"end":{"line":39,"column":19}},"19":{"start":{"line":42,"column":24},"end":{"line":42,"column":79}},"20":{"start":{"line":43,"column":19},"end":{"line":45,"column":32}},"21":{"start":{"line":46,"column":6},"end":{"line":50,"column":7}},"22":{"start":{"line":47,"column":8},"end":{"line":47,"column":57}},"23":{"start":{"line":48,"column":8},"end":{"line":48,"column":39}},"24":{"start":{"line":49,"column":8},"end":{"line":49,"column":21}},"25":{"start":{"line":52,"column":6},"end":{"line":59,"column":7}},"26":{"start":{"line":53,"column":8},"end":{"line":53,"column":45}},"27":{"start":{"line":54,"column":8},"end":{"line":54,"column":67}},"28":{"start":{"line":55,"column":8},"end":{"line":55,"column":33}},"29":{"start":{"line":57,"column":8},"end":{"line":57,"column":66}},"30":{"start":{"line":58,"column":8},"end":{"line":58,"column":58}},"31":{"start":{"line":60,"column":6},"end":{"line":60,"column":19}},"32":{"start":{"line":63,"column":19},"end":{"line":65,"column":42}},"33":{"start":{"line":66,"column":26},"end":{"line":66,"column":41}},"34":{"start":{"line":68,"column":6},"end":{"line":72,"column":7}},"35":{"start":{"line":69,"column":8},"end":{"line":69,"column":57}},"36":{"start":{"line":70,"column":8},"end":{"line":70,"column":39}},"37":{"start":{"line":71,"column":8},"end":{"line":71,"column":21}},"38":{"start":{"line":74,"column":6},"end":{"line":78,"column":7}},"39":{"start":{"line":75,"column":8},"end":{"line":75,"column":64}},"40":{"start":{"line":76,"column":8},"end":{"line":76,"column":33}},"41":{"start":{"line":77,"column":8},"end":{"line":77,"column":21}},"42":{"start":{"line":80,"column":6},"end":{"line":87,"column":7}},"43":{"start":{"line":81,"column":8},"end":{"line":81,"column":74}},"44":{"start":{"line":82,"column":8},"end":{"line":82,"column":67}},"45":{"start":{"line":83,"column":8},"end":{"line":83,"column":33}},"46":{"start":{"line":85,"column":8},"end":{"line":85,"column":66}},"47":{"start":{"line":86,"column":8},"end":{"line":86,"column":32}},"48":{"start":{"line":88,"column":6},"end":{"line":88,"column":19}}},"fnMap":{"0":{"name":"(anonymous_0)","decl":{"start":{"line":5,"column":15},"end":{"line":5,"column":16}},"loc":{"start":{"line":5,"column":24},"end":{"line":90,"column":1}},"line":5},"1":{"name":"(anonymous_1)","decl":{"start":{"line":7,"column":38},"end":{"line":7,"column":39}},"loc":{"start":{"line":7,"column":60},"end":{"line":11,"column":5}},"line":7},"2":{"name":"(anonymous_2)","decl":{"start":{"line":12,"column":44},"end":{"line":12,"column":45}},"loc":{"start":{"line":12,"column":60},"end":{"line":15,"column":5}},"line":12},"3":{"name":"(anonymous_3)","decl":{"start":{"line":16,"column":20},"end":{"line":16,"column":21}},"loc":{"start":{"line":16,"column":42},"end":{"line":33,"column":5}},"line":16},"4":{"name":"(anonymous_4)","decl":{"start":{"line":34,"column":28},"end":{"line":34,"column":29}},"loc":{"start":{"line":34,"column":50},"end":{"line":40,"column":5}},"line":34},"5":{"name":"(anonymous_5)","decl":{"start":{"line":41,"column":25},"end":{"line":41,"column":26}},"loc":{"start":{"line":41,"column":47},"end":{"line":61,"column":5}},"line":41},"6":{"name":"(anonymous_6)","decl":{"start":{"line":62,"column":26},"end":{"line":62,"column":27}},"loc":{"start":{"line":62,"column":48},"end":{"line":89,"column":5}},"line":62}},"branchMap":{"0":{"loc":{"start":{"line":46,"column":6},"end":{"line":50,"column":7}},"type":"if","locations":[{"start":{"line":46,"column":6},"end":{"line":50,"column":7}},{"start":{},"end":{}}],"line":46},"1":{"loc":{"start":{"line":68,"column":6},"end":{"line":72,"column":7}},"type":"if","locations":[{"start":{"line":68,"column":6},"end":{"line":72,"column":7}},{"start":{},"end":{}}],"line":68},"2":{"loc":{"start":{"line":74,"column":6},"end":{"line":78,"column":7}},"type":"if","locations":[{"start":{"line":74,"column":6},"end":{"line":78,"column":7}},{"start":{},"end":{}}],"line":74}},"s":{"0":5,"1":1,"2":1,"3":1,"4":1,"5":1,"6":1,"7":1,"8":1,"9":1,"10":1,"11":1,"12":1,"13":0,"14":0,"15":1,"16":0,"17":0,"18":0,"19":1,"20":1,"21":1,"22":0,"23":0,"24":0,"25":1,"26":1,"27":1,"28":1,"29":0,"30":0,"31":1,"32":1,"33":1,"34":1,"35":0,"36":0,"37":0,"38":1,"39":0,"40":0,"41":0,"42":1,"43":1,"44":1,"45":1,"46":0,"47":0,"48":1},"f":{"0":5,"1":1,"2":1,"3":1,"4":0,"5":1,"6":1},"b":{"0":[0,1],"1":[0,1],"2":[0,1]},"_coverageSchema":"1a1c01bbd47fc00a2c39e90264f33305004495a9","hash":"50dbd9174d5c563af83b819619723175f4d65535"}
,"/home/ant_shur/backend-project-6/server/routes/welcome.js": {"path":"/home/ant_shur/backend-project-6/server/routes/welcome.js","statementMap":{"0":{"start":{"line":4,"column":2},"end":{"line":10,"column":7}},"1":{"start":{"line":6,"column":6},"end":{"line":6,"column":36}},"2":{"start":{"line":9,"column":6},"end":{"line":9,"column":36}}},"fnMap":{"0":{"name":"(anonymous_0)","decl":{"start":{"line":3,"column":15},"end":{"line":3,"column":16}},"loc":{"start":{"line":3,"column":24},"end":{"line":11,"column":1}},"line":3},"1":{"name":"(anonymous_1)","decl":{"start":{"line":5,"column":32},"end":{"line":5,"column":33}},"loc":{"start":{"line":5,"column":48},"end":{"line":7,"column":5}},"line":5},"2":{"name":"(anonymous_2)","decl":{"start":{"line":8,"column":79},"end":{"line":8,"column":80}},"loc":{"start":{"line":8,"column":95},"end":{"line":10,"column":5}},"line":8}},"branchMap":{},"s":{"0":5,"1":1,"2":0},"f":{"0":5,"1":1,"2":0},"b":{},"_coverageSchema":"1a1c01bbd47fc00a2c39e90264f33305004495a9","hash":"b2c44b09140cddeed42105132b556c9753cfd134"}
,"/home/ant_shur/backend-project-6/server/utils/utils.js": {"path":"/home/ant_shur/backend-project-6/server/utils/utils.js","statementMap":{"0":{"start":{"line":1,"column":17},"end":{"line":4,"column":1}},"1":{"start":{"line":2,"column":17},"end":{"line":2,"column":55}},"2":{"start":{"line":2,"column":39},"end":{"line":2,"column":51}},"3":{"start":{"line":3,"column":2},"end":{"line":3,"column":37}},"4":{"start":{"line":6,"column":21},"end":{"line":16,"column":1}},"5":{"start":{"line":7,"column":2},"end":{"line":11,"column":3}},"6":{"start":{"line":8,"column":18},"end":{"line":8,"column":27}},"7":{"start":{"line":9,"column":4},"end":{"line":9,"column":60}},"8":{"start":{"line":10,"column":4},"end":{"line":10,"column":11}},"9":{"start":{"line":12,"column":17},"end":{"line":14,"column":3}},"10":{"start":{"line":13,"column":4},"end":{"line":13,"column":53}},"11":{"start":{"line":15,"column":2},"end":{"line":15,"column":28}}},"fnMap":{"0":{"name":"(anonymous_0)","decl":{"start":{"line":1,"column":17},"end":{"line":1,"column":18}},"loc":{"start":{"line":1,"column":48},"end":{"line":4,"column":1}},"line":1},"1":{"name":"(anonymous_1)","decl":{"start":{"line":2,"column":31},"end":{"line":2,"column":32}},"loc":{"start":{"line":2,"column":39},"end":{"line":2,"column":51}},"line":2},"2":{"name":"(anonymous_2)","decl":{"start":{"line":6,"column":21},"end":{"line":6,"column":22}},"loc":{"start":{"line":6,"column":50},"end":{"line":16,"column":1}},"line":6},"3":{"name":"(anonymous_3)","decl":{"start":{"line":12,"column":28},"end":{"line":12,"column":29}},"loc":{"start":{"line":13,"column":4},"end":{"line":13,"column":53}},"line":13}},"branchMap":{"0":{"loc":{"start":{"line":3,"column":9},"end":{"line":3,"column":36}},"type":"binary-expr","locations":[{"start":{"line":3,"column":9},"end":{"line":3,"column":30}},{"start":{"line":3,"column":34},"end":{"line":3,"column":36}}],"line":3},"1":{"loc":{"start":{"line":7,"column":2},"end":{"line":11,"column":3}},"type":"if","locations":[{"start":{"line":7,"column":2},"end":{"line":11,"column":3}},{"start":{},"end":{}}],"line":7}},"s":{"0":5,"1":0,"2":0,"3":0,"4":5,"5":0,"6":0,"7":0,"8":0,"9":0,"10":0,"11":0},"f":{"0":0,"1":0,"2":0,"3":0},"b":{"0":[0,0],"1":[0,0]},"_coverageSchema":"1a1c01bbd47fc00a2c39e90264f33305004495a9","hash":"c5661001ab975b5ca3f78d3981461cc36ec0a830"}
}
